<?xml version="1.0" encoding="UTF-8"?>
<!-- Generated by org.testng.reporters.JUnitXMLReporter -->
<testsuite ignored="0" hostname="Krishavs-MacBook-Air.local" failures="2" tests="4" name="FirstRun" time="14.87" errors="0" timestamp="2025-05-07T02:55:18 IST">
  <testcase classname="com.hybridframework.testcases.login.LoginTest" name="verifyLoginWithValidCredential" time="1.523"/>
  <testcase classname="com.hybridframework.testcases.login.LoginTest" name="verifyLoginWithValidCredential" time="1.101">
    <failure type="java.lang.AssertionError" message="Matched:Test Passes | Expected: Warning: No match for E-Mail Address and/or Password., but got: Warning: Your account has exceeded allowed number of login attempts. Please try again in 1 hour.">
      <![CDATA[java.lang.AssertionError: Matched:Test Passes | Expected: Warning: No match for E-Mail Address and/or Password., but got: Warning: Your account has exceeded allowed number of login attempts. Please try again in 1 hour.
at com.hybridframework.utils.AssertionUtil.hardAssertEquals(AssertionUtil.java:16)
at com.hybridframework.testcases.login.LoginTest.verifyLoginWithValidCredential(LoginTest.java:50)
at java.base/java.util.ArrayList.forEach(ArrayList.java:1596)
Caused by: java.lang.AssertionError: Matched:Test Passes expected [Warning: No match for E-Mail Address and/or Password.] but found [Warning: Your account has exceeded allowed number of login attempts. Please try again in 1 hour.]
at com.hybridframework.utils.AssertionUtil.hardAssertEquals(AssertionUtil.java:14)
... 27 more
... Removed 30 stack frames]]>
    </failure>
  </testcase> <!-- verifyLoginWithValidCredential -->
  <testcase classname="com.hybridframework.testcases.login.LoginTest" name="verifyLoginWithValidCredential" time="1.25">
    <failure type="java.lang.AssertionError" message="Matched:Test Passes | Expected: Warning: No match for E-Mail Address and/or Password., but got: Warning: Your account has exceeded allowed number of login attempts. Please try again in 1 hour.">
      <![CDATA[java.lang.AssertionError: Matched:Test Passes | Expected: Warning: No match for E-Mail Address and/or Password., but got: Warning: Your account has exceeded allowed number of login attempts. Please try again in 1 hour.
at com.hybridframework.utils.AssertionUtil.hardAssertEquals(AssertionUtil.java:16)
at com.hybridframework.testcases.login.LoginTest.verifyLoginWithValidCredential(LoginTest.java:50)
at java.base/java.util.ArrayList.forEach(ArrayList.java:1596)
Caused by: java.lang.AssertionError: Matched:Test Passes expected [Warning: No match for E-Mail Address and/or Password.] but found [Warning: Your account has exceeded allowed number of login attempts. Please try again in 1 hour.]
at com.hybridframework.utils.AssertionUtil.hardAssertEquals(AssertionUtil.java:14)
... 27 more
... Removed 30 stack frames]]>
    </failure>
  </testcase> <!-- verifyLoginWithValidCredential -->
  <testcase classname="com.hybridframework.testcases.login.LoginTest" name="verifyLoginWithInvalidCredential" time="0.999"/>
</testsuite> <!-- FirstRun -->
